<?xml version="1.0" encoding="UTF-8"?>
<testng-results ignored="0" total="0" passed="0" failed="0" skipped="0">
  <reporter-output>
  </reporter-output>
  <suite started-at="2021-11-18T10:58:29 IST" name="SampleTest" finished-at="2021-11-18T10:58:29 IST" duration-ms="6">
    <groups>
    </groups>
    <test started-at="2021-11-18T10:58:29 IST" name="Command line test" finished-at="2021-11-18T10:58:29 IST" duration-ms="6">
    </test> <!-- Command line test -->
  </suite> <!-- SampleTest -->
</testng-results>
